<?xml version="1.0" encoding="UTF-8"?>
<!-- Generated by org.testng.reporters.JUnitReportReporter -->
<testsuite skipped="0" hostname="Ranu-PC" name="program.star" tests="1" failures="0" timestamp="25 May 2018 16:40:05 GMT" time="0.055" errors="0">
  <testcase name="star" time="0.055" classname="program.star"/>
</testsuite> <!-- program.star -->
