<?xml version="1.0" encoding="UTF-8"?>
<!-- Generated by org.testng.reporters.JUnitReportReporter -->
<testsuite hostname="Ranu-PC" name="test_script.logintest" tests="1" failures="0" timestamp="14 Apr 2018 16:30:14 GMT" time="39.557" errors="0">
  <testcase name="login" time="39.557" classname="test_script.logintest"/>
</testsuite> <!-- test_script.logintest -->
