<?xml version="1.0" encoding="UTF-8"?>
<!-- Generated by org.testng.reporters.JUnitReportReporter -->
<testsuite hostname="Ranu-PC" name="test_script.Yahootest" tests="2" failures="0" timestamp="15 Apr 2018 10:29:08 GMT" time="0.066" errors="0">
  <testcase name="homepage" time="0.014" classname="test_script.Yahootest"/>
  <testcase name="composemail" time="0.052" classname="test_script.Yahootest"/>
</testsuite> <!-- test_script.Yahootest -->
