<?xml version="1.0" encoding="UTF-8"?>
<!-- Generated by org.testng.reporters.JUnitReportReporter -->
<testsuite hostname="Ranu-PC" name="test_script.logintest" tests="1" failures="0" timestamp="16 Apr 2018 14:55:43 GMT" time="42.337" errors="0">
  <testcase name="login" time="42.337" classname="test_script.logintest"/>
</testsuite> <!-- test_script.logintest -->
