<?xml version="1.0" encoding="UTF-8"?>
<!-- Generated by org.testng.reporters.JUnitReportReporter -->
<testsuite hostname="Ranu-PC" name="genlib.Gmail_login" tests="1" failures="0" timestamp="28 Mar 2018 05:08:10 GMT" time="88.555" errors="0">
  <testcase name="log" time="88.555" classname="genlib.Gmail_login"/>
</testsuite> <!-- genlib.Gmail_login -->
