<?xml version="1.0" encoding="UTF-8"?>
<!-- Generated by org.testng.reporters.JUnitReportReporter -->
<testsuite hostname="Ranu-PC" name="testscript.Gmail_test" tests="1" failures="0" timestamp="3 May 2018 09:36:37 GMT" time="57.112" errors="0">
  <testcase name="login" time="57.112" classname="testscript.Gmail_test"/>
</testsuite> <!-- testscript.Gmail_test -->
