<?xml version="1.0" encoding="UTF-8"?>
<!-- Generated by org.testng.reporters.JUnitReportReporter -->
<testsuite hostname="Ranu-PC" name="testscript.Hrlogintest" tests="1" failures="0" timestamp="20 Apr 2018 11:55:53 GMT" time="44.528" errors="0">
  <testcase name="testlg" time="44.528" classname="testscript.Hrlogintest"/>
</testsuite> <!-- testscript.Hrlogintest -->
