<?xml version="1.0" encoding="UTF-8"?>
<!-- Generated by org.testng.reporters.JUnitReportReporter -->
<testsuite hostname="Ranu-PC" name="testscript.Alertswin" tests="1" failures="0" timestamp="1 May 2018 15:49:13 GMT" time="90.329" errors="0">
  <testcase name="alert" time="90.329" classname="testscript.Alertswin"/>
</testsuite> <!-- testscript.Alertswin -->
