<?xml version="1.0" encoding="UTF-8"?>
<!-- Generated by org.testng.reporters.JUnitReportReporter -->
<testsuite hostname="Ranu-PC" name="testscript.Test2" tests="1" failures="0" timestamp="17 Mar 2018 14:18:20 GMT" time="21.220" errors="0">
  <testcase name="testTestCase9" time="21.220" classname="testscript.Test2"/>
</testsuite> <!-- testscript.Test2 -->
