<?xml version="1.0" encoding="UTF-8"?>
<!-- Generated by org.testng.reporters.JUnitReportReporter -->
<testsuite hostname="Ranu-PC" name="testscript.Test3" tests="1" failures="0" timestamp="3 May 2018 09:26:08 GMT" time="53.981" errors="0">
  <testcase name="login" time="53.981" classname="testscript.Test3"/>
</testsuite> <!-- testscript.Test3 -->
